[2021-05-14 18:07:11,620][__main__][INFO] - trainer:
  gpus: -1
  distributed_backend: dp
  accumulate_grad_batches: 1
  profiler: false
  max_epochs: 2000
scheduler:
  type: MultiStepLR
  args:
    milestones:
    - 100
    - 400
    - 900
    gamma: 0.1
optimizer:
  type: SGD
  args:
    lr: 0.0002
    momentum: 0.2
environment:
  server:
    port: 41451
  position:
    start:
      x: 40.0
      'y': 20.0
      z: -8.0
    end:
      x: 15.0
      'y': 30.0
      z: -6.0
  quaternion:
    start:
      w_val: 1.0
      x_val: 0.0
      y_val: 0.0
      z_val: 0.0
    end:
      w_val: 1.0
      x_val: 0.0
      y_val: 0.0
      z_val: 0.0
  reward:
    goal: 1000.0
    collision: -100.0
    factor: 0.001
  agent:
    velocity_factor: 6
dataset:
  loader:
    batch_size: 16
    num_workers: 4
model:
  actor:
    in_channels: 9
    action_dim: 3
    init_w: 0.003
  critic:
    in_channels: 9
    action_dim: 3
    init_w: 0.003
  tau: 0.001
  replay_buffer_size: 160
  in_channels: 3
  actions: 6
  max_epsilon: 0.9
  min_epsilon: 0.1
  stop_decay: 10000
  sync_rate: 30
  gamma: 0.99
  sample_size: 80
  thresh_dist: 10
  max_episode: 80

[2021-05-14 18:10:50,840][lightning][INFO] - GPU available: True, used: True
[2021-05-14 18:10:50,840][lightning][INFO] - TPU available: None, using: 0 TPU cores
[2021-05-14 18:10:50,845][pytorch_lightning.accelerators.gpu][INFO] - LOCAL_RANK: 0 - CUDA_VISIBLE_DEVICES: [0]
[2021-05-14 18:10:54,857][lightning][INFO] - 
  | Name          | Type   | Params
-----------------------------------------
0 | net           | Actor  | 1.7 M 
1 | target_net    | Actor  | 1.7 M 
2 | critic        | Critic | 1.7 M 
3 | target_critic | Critic | 1.7 M 
-----------------------------------------
6.8 M     Trainable params
0         Non-trainable params
6.8 M     Total params
27.325    Total estimated model params size (MB)
